[    0.000000] Initializing cgroup subsys cpuset
[    0.000000] Initializing cgroup subsys cpu
[    0.000000] Initializing cgroup subsys cpuacct
[    0.000000] Linux version 4.4.0-72-generic (buildd@lcy01-17) (gcc version 5.4.0 20160609 (Ubuntu 5.4.0-6ubuntu1~16.04.4) ) #93-Ubuntu SMP Fri Mar 31 14:07:41 UTC 2017 (Ubuntu 4.4.0-72.93-generic 4.4.49)
[    0.000000] Command line: BOOT_IMAGE=/boot/vmlinuz-4.4.0-72-generic root=LABEL=cloudimg-rootfs ro console=tty1 console=ttyS0
[    0.000000] KERNEL supported cpus:
[    0.000000]   Intel GenuineIntel
[    0.000000]   AMD AuthenticAMD
[    0.000000]   Centaur CentaurHauls
[    0.000000] x86/fpu: xstate_offset[2]:  576, xstate_sizes[2]:  256
[    0.000000] x86/fpu: Supporting XSAVE feature 0x01: 'x87 floating point registers'
[    0.000000] x86/fpu: Supporting XSAVE feature 0x02: 'SSE registers'
[    0.000000] x86/fpu: Supporting XSAVE feature 0x04: 'AVX registers'
[    0.000000] x86/fpu: Enabled xstate features 0x7, context size is 832 bytes, using 'standard' format.
[    0.000000] x86/fpu: Using 'lazy' FPU context switches.
[    0.000000] e820: BIOS-provided physical RAM map:
[    0.000000] BIOS-e820: [mem 0x0000000000000000-0x000000000009fbff] usable
[    0.000000] BIOS-e820: [mem 0x000000000009fc00-0x000000000009ffff] reserved
[    0.000000] BIOS-e820: [mem 0x00000000000f0000-0x00000000000fffff] reserved
[    0.000000] BIOS-e820: [mem 0x0000000000100000-0x000000003ffeffff] usable
[    0.000000] BIOS-e820: [mem 0x000000003fff0000-0x000000003fffffff] ACPI data
[    0.000000] BIOS-e820: [mem 0x00000000fec00000-0x00000000fec00fff] reserved
[    0.000000] BIOS-e820: [mem 0x00000000fee00000-0x00000000fee00fff] reserved
[    0.000000] BIOS-e820: [mem 0x00000000fffc0000-0x00000000ffffffff] reserved
[    0.000000] NX (Execute Disable) protection: active
[    0.000000] SMBIOS 2.5 present.
[    0.000000] Hypervisor detected: KVM
[    0.000000] e820: last_pfn = 0x3fff0 max_arch_pfn = 0x400000000
[    0.000000] MTRR: Disabled
[    0.000000] x86/PAT: MTRRs disabled, skipping PAT initialization too.
[    0.000000] x86/PAT: Configuration [0-7]: WB  WT  UC- UC  WB  WT  UC- UC  
[    0.000000] CPU MTRRs all blank - virtualized system.
[    0.000000] found SMP MP-table at [mem 0x0009fff0-0x0009ffff] mapped at [ffff88000009fff0]
[    0.000000] Scanning 1 areas for low memory corruption
[    0.000000] RAMDISK: [mem 0x36ac4000-0x37559fff]
[    0.000000] ACPI: Early table checksum verification disabled
[    0.000000] ACPI: RSDP 0x00000000000E0000 000024 (v02 VBOX  )
[    0.000000] ACPI: XSDT 0x000000003FFF0030 00003C (v01 VBOX   VBOXXSDT 00000001 ASL  00000061)
[    0.000000] ACPI: FACP 0x000000003FFF00F0 0000F4 (v04 VBOX   VBOXFACP 00000001 ASL  00000061)
[    0.000000] ACPI: DSDT 0x000000003FFF0470 00210F (v01 VBOX   VBOXBIOS 00000002 INTL 20160108)
[    0.000000] ACPI: FACS 0x000000003FFF0200 000040
[    0.000000] ACPI: FACS 0x000000003FFF0200 000040
[    0.000000] ACPI: APIC 0x000000003FFF0240 00005C (v02 VBOX   VBOXAPIC 00000001 ASL  00000061)
[    0.000000] ACPI: SSDT 0x000000003FFF02A0 0001CC (v01 VBOX   VBOXCPUT 00000002 INTL 20160108)
[    0.000000] No NUMA configuration found
[    0.000000] Faking a node at [mem 0x0000000000000000-0x000000003ffeffff]
[    0.000000] NODE_DATA(0) allocated [mem 0x3ffeb000-0x3ffeffff]
[    0.000000] kvm-clock: Using msrs 4b564d01 and 4b564d00
[    0.000000] kvm-clock: cpu 0, msr 0:3ffe3001, primary cpu clock
[    0.000000] kvm-clock: using sched offset of 4481623910 cycles
[    0.000000] clocksource: kvm-clock: mask: 0xffffffffffffffff max_cycles: 0x1cd42e4dffb, max_idle_ns: 881590591483 ns
[    0.000000] Zone ranges:
[    0.000000]   DMA      [mem 0x0000000000001000-0x0000000000ffffff]
[    0.000000]   DMA32    [mem 0x0000000001000000-0x000000003ffeffff]
[    0.000000]   Normal   empty
[    0.000000]   Device   empty
[    0.000000] Movable zone start for each node
[    0.000000] Early memory node ranges
[    0.000000]   node   0: [mem 0x0000000000001000-0x000000000009efff]
[    0.000000]   node   0: [mem 0x0000000000100000-0x000000003ffeffff]
[    0.000000] Initmem setup node 0 [mem 0x0000000000001000-0x000000003ffeffff]
[    0.000000] ACPI: PM-Timer IO Port: 0x4008
[    0.000000] IOAPIC[0]: apic_id 2, version 32, address 0xfec00000, GSI 0-23
[    0.000000] ACPI: INT_SRC_OVR (bus 0 bus_irq 0 global_irq 2 dfl dfl)
[    0.000000] ACPI: INT_SRC_OVR (bus 0 bus_irq 9 global_irq 9 high level)
[    0.000000] Using ACPI (MADT) for SMP configuration information
[    0.000000] smpboot: Allowing 2 CPUs, 0 hotplug CPUs
[    0.000000] PM: Registered nosave memory: [mem 0x00000000-0x00000fff]
[    0.000000] PM: Registered nosave memory: [mem 0x0009f000-0x0009ffff]
[    0.000000] PM: Registered nosave memory: [mem 0x000a0000-0x000effff]
[    0.000000] PM: Registered nosave memory: [mem 0x000f0000-0x000fffff]
[    0.000000] e820: [mem 0x40000000-0xfebfffff] available for PCI devices
[    0.000000] Booting paravirtualized kernel on KVM
[    0.000000] clocksource: refined-jiffies: mask: 0xffffffff max_cycles: 0xffffffff, max_idle_ns: 7645519600211568 ns
[    0.000000] setup_percpu: NR_CPUS:512 nr_cpumask_bits:512 nr_cpu_ids:2 nr_node_ids:1
[    0.000000] PERCPU: Embedded 33 pages/cpu @ffff88003fc00000 s98264 r8192 d28712 u1048576
[    0.000000] PV qspinlock hash table entries: 256 (order: 0, 4096 bytes)
[    0.000000] Built 1 zonelists in Node order, mobility grouping on.  Total pages: 257913
[    0.000000] Policy zone: DMA32
[    0.000000] Kernel command line: BOOT_IMAGE=/boot/vmlinuz-4.4.0-72-generic root=LABEL=cloudimg-rootfs ro console=tty1 console=ttyS0
[    0.000000] PID hash table entries: 4096 (order: 3, 32768 bytes)
[    0.000000] Memory: 1001740K/1048120K available (8452K kernel code, 1293K rwdata, 3976K rodata, 1484K init, 1316K bss, 46380K reserved, 0K cma-reserved)
[    0.000000] SLUB: HWalign=64, Order=0-3, MinObjects=0, CPUs=2, Nodes=1
[    0.000000] Hierarchical RCU implementation.
[    0.000000] 	Build-time adjustment of leaf fanout to 64.
[    0.000000] 	RCU restricting CPUs from NR_CPUS=512 to nr_cpu_ids=2.
[    0.000000] RCU: Adjusting geometry for rcu_fanout_leaf=64, nr_cpu_ids=2
[    0.000000] NR_IRQS:33024 nr_irqs:440 16
[    0.000000] Console: colour VGA+ 80x25
[    0.000000] console [tty1] enabled
[    0.000000] console [ttyS0] enabled
[    0.000000] tsc: Detected 2192.876 MHz processor
[    3.212086] Calibrating delay loop (skipped) preset value.. 4385.75 BogoMIPS (lpj=8771504)
[    3.419995] pid_max: default: 32768 minimum: 301
[    3.551986] ACPI: Core revision 20150930
[    3.641817] ACPI: 2 ACPI AML tables successfully acquired and loaded
[    3.690062] Security Framework initialized
[    3.700186] Yama: becoming mindful.
[    3.703504] AppArmor: AppArmor initialized
[    3.707473] Dentry cache hash table entries: 131072 (order: 8, 1048576 bytes)
[    3.724386] Inode-cache hash table entries: 65536 (order: 7, 524288 bytes)
[    3.759903] Mount-cache hash table entries: 2048 (order: 2, 16384 bytes)
[    3.887732] Mountpoint-cache hash table entries: 2048 (order: 2, 16384 bytes)
[    3.972532] Initializing cgroup subsys io
[    3.975286] Initializing cgroup subsys memory
[    3.978340] Initializing cgroup subsys devices
[    3.981360] Initializing cgroup subsys freezer
[    4.006073] Initializing cgroup subsys net_cls
[    4.050965] Initializing cgroup subsys perf_event
[    4.158598] Initializing cgroup subsys net_prio
[    4.248899] Initializing cgroup subsys hugetlb
[    4.291901] Initializing cgroup subsys pids
[    4.311051] CPU: Physical Processor ID: 0
[    4.320000] CPU: Processor Core ID: 0
[    4.322661] mce: CPU supports 0 MCE banks
[    4.325606] Last level iTLB entries: 4KB 512, 2MB 8, 4MB 8
[    4.329068] Last level dTLB entries: 4KB 512, 2MB 32, 4MB 32, 1GB 0
[    4.340852] Freeing SMP alternatives memory: 32K (ffffffff820b8000 - ffffffff820c0000)
[    4.505681] ftrace: allocating 32111 entries in 126 pages
[    4.803192] smpboot: APIC(0) Converting physical 0 to logical package 0
[    4.884882] smpboot: Max logical packages: 1
[    4.920952] x2apic enabled
[    4.932084] Switched APIC routing to physical x2apic.
[    4.947458] ..TIMER: vector=0x30 apic1=0 pin1=2 apic2=-1 pin2=-1
[    5.111525] smpboot: CPU0: Intel(R) Core(TM) i7-2670QM CPU @ 2.20GHz (family: 0x6, model: 0x2a, stepping: 0x7)
[    5.354117] Performance Events: unsupported p6 CPU model 42 no PMU driver, software events only.
[    5.555307] KVM setup paravirtual spinlock
[    5.671345] x86: Booting SMP configuration:
[    5.755000] .... node  #0, CPUs:      #1
[    5.845883] kvm-clock: cpu 1, msr 0:3ffe3041, secondary cpu clock
[    6.071815] mce: CPU supports 0 MCE banks
[    6.122451] x86: Booted up 1 node, 2 CPUs
[    6.127127] smpboot: Total of 2 processors activated (8771.50 BogoMIPS)
[    6.142923] devtmpfs: initialized
[    6.182047] evm: security.selinux
[    6.194446] evm: security.SMACK64
[    6.198763] evm: security.SMACK64EXEC
[    6.214520] evm: security.SMACK64TRANSMUTE
[    6.229466] evm: security.SMACK64MMAP
[    6.232946] evm: security.ima
[    6.252050] evm: security.capability
[    6.258831] clocksource: jiffies: mask: 0xffffffff max_cycles: 0xffffffff, max_idle_ns: 7645041785100000 ns
[    6.308701] pinctrl core: initialized pinctrl subsystem
[    6.313683] RTC time:  9:31:40, date: 04/12/17
[    6.322818] NET: Registered protocol family 16
[    6.435465] cpuidle: using governor ladder
[    6.563505] cpuidle: using governor menu
[    6.569443] PCCT header not found.
[    6.572867] ACPI: bus type PCI registered
[    6.576469] acpiphp: ACPI Hot Plug PCI Controller Driver version: 0.5
[    6.582054] PCI: Using configuration type 1 for base access
[    6.609745] ACPI: Added _OSI(Module Device)
[    6.729788] ACPI: Added _OSI(Processor Device)
[    6.821105] ACPI: Added _OSI(3.0 _SCP Extensions)
[    6.826401] ACPI: Added _OSI(Processor Aggregator Device)
[    6.833769] ACPI: Executed 1 blocks of module-level executable AML code
[    6.939006] ACPI: Interpreter enabled
[    6.984994] ACPI: (supports S0 S5)
[    7.037200] ACPI: Using IOAPIC for interrupt routing
[    7.042216] PCI: Using host bridge windows from ACPI; if necessary, use "pci=nocrs" and report a bug
[    7.064758] ACPI: PCI Root Bridge [PCI0] (domain 0000 [bus 00-ff])
[    7.074937] acpi PNP0A03:00: _OSC: OS supports [ASPM ClockPM Segments MSI]
[    7.143096] acpi PNP0A03:00: _OSC failed (AE_NOT_FOUND); disabling ASPM
[    7.275766] acpi PNP0A03:00: fail to add MMCONFIG information, can't access extended PCI configuration space under this bridge.
[    7.366407] PCI host bridge to bus 0000:00
[    7.371148] pci_bus 0000:00: root bus resource [io  0x0000-0x0cf7 window]
[    7.376666] pci_bus 0000:00: root bus resource [io  0x0d00-0xffff window]
[    7.385556] pci_bus 0000:00: root bus resource [mem 0x000a0000-0x000bffff window]
[    7.394472] pci_bus 0000:00: root bus resource [mem 0x40000000-0xffdfffff window]
[    7.426788] pci_bus 0000:00: root bus resource [bus 00-ff]
[    7.459457] pci 0000:00:01.1: legacy IDE quirk: reg 0x10: [io  0x01f0-0x01f7]
[    7.473948] pci 0000:00:01.1: legacy IDE quirk: reg 0x14: [io  0x03f6]
[    7.494592] pci 0000:00:01.1: legacy IDE quirk: reg 0x18: [io  0x0170-0x0177]
[    7.556687] pci 0000:00:01.1: legacy IDE quirk: reg 0x1c: [io  0x0376]
[    7.624884] pci 0000:00:07.0: quirk: [io  0x4000-0x403f] claimed by PIIX4 ACPI
[    7.826656] pci 0000:00:07.0: quirk: [io  0x4100-0x410f] claimed by PIIX4 SMB
[    8.008543] ACPI: PCI Interrupt Link [LNKA] (IRQs 5 9 10 *11)
[    8.056129] ACPI: PCI Interrupt Link [LNKB] (IRQs 5 9 10 *11)
[    8.171175] ACPI: PCI Interrupt Link [LNKC] (IRQs 5 9 *10 11)
[    8.281996] ACPI: PCI Interrupt Link [LNKD] (IRQs 5 *9 10 11)
[    8.336001] ACPI: Enabled 2 GPEs in block 00 to 07
[    8.380241] vgaarb: setting as boot device: PCI:0000:00:02.0
[    8.485969] vgaarb: device added: PCI:0000:00:02.0,decodes=io+mem,owns=io+mem,locks=none
[    8.590352] vgaarb: loaded
[    8.596803] vgaarb: bridge control possible 0000:00:02.0
[    8.638949] SCSI subsystem initialized
[    8.677969] ACPI: bus type USB registered
[    8.703018] usbcore: registered new interface driver usbfs
[    8.710843] usbcore: registered new interface driver hub
[    8.724236] usbcore: registered new device driver usb
[    8.731011] PCI: Using ACPI for IRQ routing
[    8.756533] NetLabel: Initializing
[    8.782694] NetLabel:  domain hash size = 128
[    8.790353] NetLabel:  protocols = UNLABELED CIPSOv4
[    8.808270] NetLabel:  unlabeled traffic allowed by default
[    8.816657] amd_nb: Cannot enumerate AMD northbridges
[    8.874461] clocksource: Switched to clocksource kvm-clock
[    8.920485] AppArmor: AppArmor Filesystem Enabled
[    8.947266] pnp: PnP ACPI init
[    9.025561] pnp: PnP ACPI: found 3 devices
[    9.156502] clocksource: acpi_pm: mask: 0xffffff max_cycles: 0xffffff, max_idle_ns: 2085701024 ns
[    9.188536] NET: Registered protocol family 2
[    9.198612] TCP established hash table entries: 8192 (order: 4, 65536 bytes)
[    9.207166] TCP bind hash table entries: 8192 (order: 5, 131072 bytes)
[    9.212888] TCP: Hash tables configured (established 8192 bind 8192)
[    9.367352] UDP hash table entries: 512 (order: 2, 16384 bytes)
[    9.381990] UDP-Lite hash table entries: 512 (order: 2, 16384 bytes)
[    9.432377] NET: Registered protocol family 1
[    9.442166] pci 0000:00:00.0: Limiting direct PCI/PCI transfers
[    9.543040] pci 0000:00:01.0: Activating ISA DMA hang workarounds
[    9.577098] Unpacking initramfs...
[   16.523035] Freeing initrd memory: 10840K (ffff880036ac4000 - ffff88003755a000)
[   17.111923] RAPL PMU detected, API unit is 2^-32 Joules, 3 fixed counters 10737418240 ms ovfl timer
[   17.374306] hw unit of domain pp0-core 2^-0 Joules
[   17.378439] hw unit of domain package 2^-0 Joules
[   17.382801] hw unit of domain pp1-gpu 2^-0 Joules
[   17.453584] platform rtc_cmos: registered platform RTC device (no PNP device found)
[   17.497357] Scanning for low memory corruption every 60 seconds
[   17.538015] futex hash table entries: 512 (order: 3, 32768 bytes)
[   17.601724] audit: initializing netlink subsys (disabled)
[   17.606805] audit: type=2000 audit(1491989510.190:1): initialized
[   17.872052] Initialise system trusted keyring
[   18.271304] HugeTLB registered 2 MB page size, pre-allocated 0 pages
[   18.571359] tsc: Refined TSC clocksource calibration: 2192.817 MHz
[   18.575144] clocksource: tsc: mask: 0xffffffffffffffff max_cycles: 0x1f9bb1524ee, max_idle_ns: 440795281439 ns
[   18.581384] zbud: loaded
[   18.587537] VFS: Disk quotas dquot_6.6.0
[   18.592502] VFS: Dquot-cache hash table entries: 512 (order 0, 4096 bytes)
[   18.599534] squashfs: version 4.0 (2009/01/31) Phillip Lougher
[   18.625297] fuse init (API version 7.23)
[   18.669818] Key type big_key registered
[   18.705957] Allocating IMA MOK and blacklist keyrings.
[   18.788175] Key type asymmetric registered
[   18.864107] Asymmetric key parser 'x509' registered
[   18.877461] Block layer SCSI generic (bsg) driver version 0.4 loaded (major 249)
[   18.913189] io scheduler noop registered
[   18.915927] io scheduler deadline registered (default)
[   18.921130] io scheduler cfq registered
[   18.926829] pci_hotplug: PCI Hot Plug PCI Core version: 0.5
[   19.008511] pciehp: PCI Express Hot Plug Controller Driver version: 0.4
[   19.063180] ACPI: AC Adapter [AC] (on-line)
[   19.164972] input: Power Button as /devices/LNXSYSTM:00/LNXPWRBN:00/input/input0
[   19.199802] ACPI: Power Button [PWRF]
[   19.279791] input: Sleep Button as /devices/LNXSYSTM:00/LNXSLPBN:00/input/input1
[   19.297931] ACPI: Sleep Button [SLPF]
[   19.330829] GHES: HEST is not enabled!
[   19.333151] ACPI: Battery Slot [BAT0] (battery present)
[   19.562286] Serial: 8250/16550 driver, 32 ports, IRQ sharing enabled
[   19.592956] 00:02: ttyS0 at I/O 0x3f8 (irq = 4, base_baud = 115200) is a 16550A
[   19.606859] Linux agpgart interface v0.103
[   19.618314] loop: module loaded
[   19.633577] scsi host0: ata_piix
[   19.636583] scsi host1: ata_piix
[   19.639245] ata1: PATA max UDMA/33 cmd 0x1f0 ctl 0x3f6 bmdma 0xd000 irq 14
[   19.655344] ata2: PATA max UDMA/33 cmd 0x170 ctl 0x376 bmdma 0xd008 irq 15
[   19.661098] libphy: Fixed MDIO Bus: probed
[   19.665359] tun: Universal TUN/TAP device driver, 1.6
[   19.668661] tun: (C) 1999-2004 Max Krasnyansky <maxk@qualcomm.com>
[   19.672518] PPP generic driver version 2.4.2
[   19.675743] ehci_hcd: USB 2.0 'Enhanced' Host Controller (EHCI) Driver
[   19.679848] ehci-pci: EHCI PCI platform driver
[   19.682804] ehci-platform: EHCI generic platform driver
[   19.773932] ohci_hcd: USB 1.1 'Open' Host Controller (OHCI) Driver
[   19.894429] ohci-pci: OHCI PCI platform driver
[   19.971636] ohci-platform: OHCI generic platform driver
[   20.011829] uhci_hcd: USB Universal Host Controller Interface driver
[   20.312167] i8042: PNP: PS/2 Controller [PNP0303:PS2K,PNP0f03:PS2M] at 0x60,0x64 irq 1,12
[   20.607391] serio: i8042 KBD port at 0x60,0x64 irq 1
[   20.940413] serio: i8042 AUX port at 0x60,0x64 irq 12
[   21.053812] mousedev: PS/2 mouse device common for all mice
[   21.062115] rtc_cmos rtc_cmos: rtc core: registered rtc_cmos as rtc0
[   21.233207] input: AT Translated Set 2 keyboard as /devices/platform/i8042/serio0/input/input2
[   21.294849] rtc_cmos rtc_cmos: alarms up to one day, 114 bytes nvram
[   21.640672] i2c /dev entries driver
[   21.751038] device-mapper: uevent: version 1.0.3
[   21.820310] device-mapper: ioctl: 4.34.0-ioctl (2015-10-28) initialised: dm-devel@redhat.com
[   21.993657] ledtrig-cpu: registered to indicate activity on CPUs
[   22.024388] NET: Registered protocol family 10
[   22.032544] NET: Registered protocol family 17
[   22.110727] Key type dns_resolver registered
[   22.333464] microcode: CPU0 sig=0x206a7, pf=0x10, revision=0x0
[   22.510621] microcode: CPU1 sig=0x206a7, pf=0x10, revision=0x0
[   22.538983] microcode: Microcode Update Driver: v2.01 <tigran@aivazian.fsnet.co.uk>, Peter Oruba
[   22.564011] registered taskstats version 1
[   22.591524] Loading compiled-in X.509 certificates
[   22.693837] Loaded X.509 cert 'Build time autogenerated kernel key: 04ae903e4643330d1fe41947e79c28b436494994'
[   23.173668] zswap: loaded using pool lzo/zbud
[   23.238134] Key type trusted registered
[   23.367942] Key type encrypted registered
[   23.387524] AppArmor: AppArmor sha1 policy hashing enabled
[   23.422440] ima: No TPM chip found, activating TPM-bypass!
[   23.430678] evm: HMAC attrs: 0x1
[   23.452916]   Magic number: 13:319:525
[   23.464974] rtc_cmos rtc_cmos: setting system clock to 2017-04-12 09:31:57 UTC (1491989517)
[   23.508724] BIOS EDD facility v0.16 2004-Jun-25, 0 devices found
[   23.537398] EDD information not available.
[   23.580661] Freeing unused kernel memory: 1484K (ffffffff81f45000 - ffffffff820b8000)
[   23.637303] Write protecting the kernel read-only data: 14336k
[   23.726254] Freeing unused kernel memory: 1776K (ffff880001844000 - ffff880001a00000)
[   23.744720] Freeing unused kernel memory: 120K (ffff880001de2000 - ffff880001e00000)
Loading, please wait...
starting version 229
[   23.809254] random: systemd-udevd: uninitialized urandom read (16 bytes read, 5 bits of entropy available)
[   23.811808] random: udevadm: uninitialized urandom read (16 bytes read, 5 bits of entropy available)
[   23.812036] random: udevadm: uninitialized urandom read (16 bytes read, 5 bits of entropy available)
[   23.812950] random: udevadm: uninitialized urandom read (16 bytes read, 5 bits of entropy available)
[   23.813274] random: udevadm: uninitialized urandom read (16 bytes read, 5 bits of entropy available)
[   23.813582] random: udevadm: uninitialized urandom read (16 bytes read, 5 bits of entropy available)
[   23.813887] random: udevadm: uninitialized urandom read (16 bytes read, 5 bits of entropy available)
[   23.814214] random: udevadm: uninitialized urandom read (16 bytes read, 5 bits of entropy available)
[   23.814664] random: udevadm: uninitialized urandom read (16 bytes read, 5 bits of entropy available)
[   23.814973] random: udevadm: uninitialized urandom read (16 bytes read, 5 bits of entropy available)
[   24.161112] e1000: Intel(R) PRO/1000 Network Driver - version 7.3.21-k8-NAPI
[   24.227101] e1000: Copyright (c) 1999-2006 Intel Corporation.
[   24.321848] Fusion MPT base driver 3.04.20
[   24.334682] Copyright (c) 1999-2008 LSI Corporation
[   24.541863] Fusion MPT SPI Host driver 3.04.20
[   24.738471] AVX version of gcm_enc/dec engaged.
[   24.748447] AES CTR mode by8 optimization enabled
[   24.766004] input: ImExPS/2 Generic Explorer Mouse as /devices/platform/i8042/serio1/input/input4
[   25.285181] e1000 0000:00:03.0 eth0: (PCI:33MHz:32-bit) 02:98:bb:bc:10:4e
[   25.371424] e1000 0000:00:03.0 eth0: Intel(R) PRO/1000 Network Connection
[   26.057092] e1000 0000:00:08.0 eth1: (PCI:33MHz:32-bit) 08:00:27:32:b5:7f
[   26.280998] e1000 0000:00:08.0 eth1: Intel(R) PRO/1000 Network Connection
[   26.296601] e1000 0000:00:08.0 enp0s8: renamed from eth1
[   26.343502] mptbase: ioc0: Initiating bringup
[   26.359265] e1000 0000:00:03.0 enp0s3: renamed from eth0
[   26.511652] ioc0: LSI53C1030 A0: Capabilities={Initiator}
[   26.827199] scsi host2: ioc0: LSI53C1030 A0, FwRev=00000000h, Ports=1, MaxQ=256, IRQ=20
[   27.198274] scsi 2:0:0:0: Direct-Access     VBOX     HARDDISK         1.0  PQ: 0 ANSI: 5
[   27.308989] scsi target2:0:0: Beginning Domain Validation
[   27.379941] floppy0: no floppy controllers found
[   27.401317] scsi target2:0:0: Domain Validation skipping write tests
[   27.437695] scsi target2:0:0: Ending Domain Validation
[   27.513134] scsi target2:0:0: asynchronous
[   27.589976] scsi 2:0:1:0: Direct-Access     VBOX     HARDDISK         1.0  PQ: 0 ANSI: 5
[   27.683380] scsi target2:0:1: Beginning Domain Validation
[   27.761797] scsi target2:0:1: Domain Validation skipping write tests
[   27.834649] scsi target2:0:1: Ending Domain Validation
[   27.881543] scsi target2:0:1: asynchronous
[   27.929324] sd 2:0:0:0: Attached scsi generic sg0 type 0
[   27.929338] sd 2:0:0:0: [sda] 20971520 512-byte logical blocks: (10.7 GB/10.0 GiB)
[   27.930477] sd 2:0:0:0: [sda] Write Protect is off
[   27.930932] sd 2:0:0:0: [sda] Incomplete mode parameter data
[   27.930936] sd 2:0:0:0: [sda] Assuming drive cache: write through
[   27.934805]  sda: sda1
[   27.937520] sd 2:0:0:0: [sda] Attached SCSI disk
[   28.774193] sd 2:0:1:0: [sdb] 20480 512-byte logical blocks: (10.5 MB/10.0 MiB)
[   28.813949] sd 2:0:1:0: Attached scsi generic sg1 type 0
[   28.837995] sd 2:0:1:0: [sdb] Write Protect is off
[   28.894980] sd 2:0:1:0: [sdb] Incomplete mode parameter data
[   28.941097] sd 2:0:1:0: [sdb] Assuming drive cache: write through
[   29.022193] sd 2:0:1:0: [sdb] Attached SCSI disk
Begin: Loading e[   31.411713] md: linear personality registered for level -1
ssential drivers ... [   31.511100] md: multipath personality registered for level -4
[   31.682349] md: raid0 personality registered for level 0
[   31.722280] md: raid1 personality registered for level 1
[   31.818531] raid6: sse2x1   gen()  1810 MB/s
[   32.058556] raid6: sse2x1   xor()  1662 MB/s
[   32.488648] raid6: sse2x2   gen()  2713 MB/s
[   32.791187] raid6: sse2x2   xor()  1763 MB/s
[   33.058541] raid6: sse2x4   gen()  3033 MB/s
[   33.214835] raid6: sse2x4   xor()  1630 MB/s
[   33.370780] raid6: using algorithm sse2x4 gen() 3033 MB/s
[   33.510545] raid6: .... xor() 1630 MB/s, rmw enabled
[   33.571758] raid6: using ssse3x2 recovery algorithm
[   33.588951] xor: automatically using best checksumming function:
[   33.678547]    avx       :  4336.000 MB/sec
[   33.705309] async_tx: api initialized (async)
[   33.810406] md: raid6 personality registered for level 6
[   33.873807] md: raid5 personality registered for level 5
[   33.931648] md: raid4 personality registered for level 4
[   34.031961] md: raid10 personality registered for level 10
done.
Begin: Running /scripts/init-premount ... done.
Begin: Mounting root file system ... Begin: Running /scripts/local-top ... done.
Begin: Running /scripts/local-premount ... [   34.287150] Btrfs loaded
Scanning for Btrfs filesystems
done.
Warning: fsck not present, so skipping root file[   34.408047] EXT4-fs (sda1): mounted filesystem with ordered data mode. Opts: (null)
 system
done.
Begin: Running /scripts/local-bottom ... done.
Begin: Running /scripts/init-bottom ... done.
[   34.872163] systemd[1]: systemd 229 running in system mode. (+PAM +AUDIT +SELINUX +IMA +APPARMOR +SMACK +SYSVINIT +UTMP +LIBCRYPTSETUP +GCRYPT +GNUTLS +ACL +XZ -LZ4 +SECCOMP +BLKID +ELFUTILS +KMOD -IDN)
[   35.333950] systemd[1]: Detected virtualization oracle.
[   35.540550] systemd[1]: Detected architecture x86-64.

Welcome to [1mUbuntu 16.04.2 LTS[0m!

[   35.632037] systemd[1]: Set hostname to <ubuntu>.
[   35.685539] systemd[1]: Initializing machine ID from random generator.
[   35.940335] systemd[1]: Installed transient /etc/machine-id file.
[   36.464612] systemd[1]: Listening on Syslog Socket.
[[0;32m  OK  [0m] Listening on Syslog Socket.
[   36.501203] systemd[1]: Created slice User and Session Slice.
[[0;32m  OK  [0m] Created slice User and Session Slice.
[   36.575334] systemd[1]: Listening on LVM2 poll daemon socket.
[[0;32m  OK  [0m] Listening on LVM2 poll daemon socket.
[   36.835172] systemd[1]: Listening on Device-mapper event daemon FIFOs.
[[0;32m  OK  [0m] Listening on Device-mapper event daemon FIFOs.
[   36.879359] systemd[1]: Set up automount Arbitrary Executable File Formats File System Automount Point.
[[0;32m  OK  [0m] Set up automount Arbitrary Executab...ats File System Automount Point.
[   37.139367] systemd[1]: Listening on /dev/initctl Compatibility Named Pipe.
[[0;32m  OK  [0m] Listening on /dev/initctl Compatibility Named Pipe.
[   37.331311] systemd[1]: Started Forward Password Requests to Wall Directory Watch.
[[0;32m  OK  [0m] Started Forward Password Requests to Wall Directory Watch.
[   37.579366] systemd[1]: Listening on udev Kernel Socket.
[[0;32m  OK  [0m] Listening on udev Kernel Socket.
[   37.769144] systemd[1]: Listening on LVM2 metadata daemon socket.
[[0;32m  OK  [0m] Listening on LVM2 metadata daemon socket.
[   38.020037] systemd[1]: Listening on udev Control Socket.
[[0;32m  OK  [0m] Listening on udev Control Socket.
[   38.166413] systemd[1]: Listening on Journal Audit Socket.
[[0;32m  OK  [0m] Listening on Journal Audit Socket.
[   38.227904] systemd[1]: Created slice System Slice.
[[0;32m  OK  [0m] Created slice System Slice.
[   38.256499] systemd[1]: Reached target Slices.
[[0;32m  OK  [0m] Reached target Slices.
[   38.615136] systemd[1]: Reached target Swap.
[[0;32m  OK  [0m] Reached target Swap.
[   38.739462] systemd[1]: Listening on Journal Socket.
[[0;32m  OK  [0m] Listening on Journal Socket.
[   38.959458] systemd[1]: Starting Create list of required static device nodes for the current kernel...
[   38.961330] random: nonblocking pool is initialized
         Starting Create list of required st... nodes for the current kernel...
[   39.219897] systemd[1]: Starting Remount Root and Kernel File Systems...
[   39.233170] EXT4-fs (sda1): re-mounted. Opts: (null)
         Starting Remount Root and Kernel File Systems...
[   39.390938] systemd[1]: Mounting Huge Pages File System...
         Mounting Huge Pages File System...
[   39.437050] systemd[1]: Starting Load Kernel Modules...
[   39.470264] Loading iSCSI transport class v2.0-870.
         Starting Load Kernel Modules...
[   39.581053] iscsi: registered transport (tcp)
[   39.662847] systemd[1]: Mounting POSIX Message Queue File System...
         Mounting POSIX Message Queue File System...
[   39.891751] iscsi: registered transport (iser)
[   39.948960] systemd[1]: Starting Set console keymap...
         Starting Set console keymap...
[   40.259251] systemd[1]: Starting Uncomplicated firewall...
         Starting Uncomplicated firewall...
[   40.491007] systemd[1]: Mounting Debug File System...
         Mounting Debug File System...
[   40.576268] systemd[1]: Reached target User and Group Name Lookups.
[[0;32m  OK  [0m] Reached target User and Group Name Lookups.
[   40.811116] systemd[1]: Starting Nameserver information manager...
         Starting Nameserver information manager...
[   40.967147] systemd[1]: Starting Monitoring of LVM2 mirrors, snapshots etc. using dmeventd or progress polling...
         Starting Monitoring of LVM2 mirrors... dmeventd or progress polling...
[   41.284631] systemd[1]: Reached target Encrypted Volumes.
[[0;32m  OK  [0m] Reached target Encrypted Volumes.
[   41.404568] systemd[1]: Created slice system-serial\x2dgetty.slice.
[[0;32m  OK  [0m] Created slice system-serial\x2dgetty.slice.
[   41.491931] systemd[1]: Listening on Journal Socket (/dev/log).
[[0;32m  OK  [0m] Listening on Journal Socket (/dev/log).
[   41.723200] systemd[1]: Starting Journal Service...
         Starting Journal Service...
[   41.841761] systemd[1]: Mounted Debug File System.
[[0;32m  OK  [0m] Mounted Debug File System.
[   41.994396] systemd[1]: Mounted Huge Pages File System.
[[0;32m  OK  [0m] Mounted Huge Pages File System.
[   42.011552] systemd[1]: Mounted POSIX Message Queue File System.
[[0;32m  OK  [0m] Mounted POSIX Message Queue File System.
[   42.046591] systemd[1]: Started Journal Service.
[[0;32m  OK  [0m] Started Journal Service.
[[0;32m  OK  [0m] Started Create list of required sta...ce nodes for the current kernel.
[[0;32m  OK  [0m] Started Remount Root and Kernel File Systems.
[[0;32m  OK  [0m] Started Load Kernel Modules.
[[0;32m  OK  [0m] Started Set console keymap.
[[0;32m  OK  [0m] Started Uncomplicated firewall.
[[0;32m  OK  [0m] Started Nameserver information manager.
[[0;32m  OK  [0m] Started LVM2 metadata daemon.
         Starting Apply Kernel Variables...
         Mounting FUSE Control File System...
         Starting Load/Save Random Seed...
         Starting udev Coldplug all Devices...
         Starting Initial cloud-init job (pre-networking)...
         Starting Create Static Device Nodes in /dev...
         Starting Flush Journal to Persistent Storage...
[[0;32m  OK  [0m] Mounted FUSE Control File System.
[[0;32m  OK  [0m] Started Apply Kernel Variables.
[[0;32m  OK  [0m] Started Load/Save Random Seed.
[[0;32m  OK  [0m] Started Create Static Device Nodes in /dev.
[[0;32m  OK  [0m] Started Monitoring of LVM2 mirrors,...ng dmeventd or progress polling.
[[0;32m  OK  [0m] Started udev Coldplug all Devices.
[[0;32m  OK  [0m] Started Flush Journal to Persistent Storage.
         Starting udev Kernel Device Manager...
[[0;32m  OK  [0m] Started udev Kernel Device Manager.
[[0;32m  OK  [0m] Reached target Local File Systems (Pre).
[[0;32m  OK  [0m] Reached target Local File Systems.
         Starting Commit a transient machine-id on disk...
         Starting Tell Plymouth To Write Out Runtime Data...
         Starting Set console font and keymap...
         Starting Create Volatile Files and Directories...
         Starting LSB: AppArmor initialization...
[[0;32m  OK  [0m] Started Dispatch Password Requests to Console Directory Watch.
[[0;32m  OK  [0m] Started Commit a transient machine-id on disk.
[[0;32m  OK  [0m] Started Tell Plymouth To Write Out Runtime Data.
[[0;32m  OK  [0m] Started Create Volatile Files and Directories.
[[0;32m  OK  [0m] Found device /dev/ttyS0.
[[0;32m  OK  [0m] Started Set console font and keymap.
[   39.222558] cloud-init[457]: Cloud-init v. 0.7.9 running 'init-local' at Wed, 12 Apr 2017 09:32:19 +0000. Up 37.91 seconds.
[[0;32m  OK  [0m] Started Initial cloud-init job (pre-networking).
[[0;32m  OK  [0m] Reached target Network (Pre).
[[0;32m  OK  [0m] Listening on Load/Save RF Kill Switch Status /dev/rfkill Watch.
[[0;32m  OK  [0m] Created slice system-getty.slice.
[[0;32m  OK  [0m] Reached target System Time Synchronized.
         Starting Update UTMP about System Boot/Shutdown...
[[0;32m  OK  [0m] Started Update UTMP about System Boot/Shutdown.
[[0;32m  OK  [0m] Started LSB: AppArmor initialization.
         Starting Raise network interfaces...
[[0;32m  OK  [0m] Started Raise network interfaces.
[[0;32m  OK  [0m] Reached target Network.
         Starting Initial cloud-init job (metadata service crawler)...
[   45.433875] cloud-init[929]: Cloud-init v. 0.7.9 running 'init' at Wed, 12 Apr 2017 09:32:24 +0000. Up 42.97 seconds.
[   45.497850] cloud-init[929]: ci-info: ++++++++++++++++++++++++++++++++++++++Net device info++++++++++++++++++++++++++++++++++++++
[   45.548804] cloud-init[929]: ci-info: +--------+-------+----------------------------+---------------+-------+-------------------+
[   45.576961] cloud-init[929]: ci-info: | Device |   Up  |          Address           |      Mask     | Scope |     Hw-Address    |
[[0;32m  OK  [0m] Started Initial cloud-init job (metadata service crawler).
[   45.642942] cloud-init[929]: ci-info: +--------+-------+----------------------------+---------------+-------+-------------------+
[   45.740934] cloud-init[929]: ci-info: | enp0s8 | False |             .              |       .       |   .   | 08:00:27:32:b5:7f |
[   45.755554] cloud-init[929]: ci-info: |   lo   |  True |         127.0.0.1          |   255.0.0.0   |   .   |         .         |
[   45.820453] cloud-init[929]: ci-info: |   lo   |  True |          ::1/128           |       .       |  host |         .         |
[[0;32m  OK  [0m] Reached target System Initialization.
[   45.868963] cloud-init[929]: ci-info: | enp0s3 |  True |         10.0.2.15          | 255.255.255.0 |   .   | 02:98:bb:bc:10:4e |
[   45.877233] cloud-init[929]: ci-info: | enp0s3 |  True | fe80::98:bbff:febc:104e/64 |       .       |  link | 02:98:bb:bc:10:4e |
[   45.877777] cloud-init[929]: ci-info: +--------+-------+----------------------------+---------------+-------+-------------------+
[   45.877957] cloud-init[929]: ci-info: +++++++++++++++++++++++++++Route IPv4 info++++++++++++++++++++++++++++
[   45.878142] cloud-init[929]: ci-info: +-------+-------------+----------+---------------+-----------+-------+
[   45.878312] cloud-init[929]: ci-info: | Route | Destination | Gateway  |    Genmask    | Interface | Flags |
[   45.878471] cloud-init[929]: ci-info: +-------+-------------+----------+---------------+-----------+-------+
[   45.878667] cloud-init[929]: ci-info: |   0   |   0.0.0.0   | 10.0.2.2 |    0.0.0.0    |   enp0s3  |   UG  |
[   45.878852] cloud-init[929]: ci-info: |   1   |   10.0.2.0  | 0.0.0.0  | 255.255.255.0 |   enp0s3  |   U   |
[   45.879017] cloud-init[929]: ci-info: +-------+-------------+----------+---------------+-----------+-------+
[   45.879460] cloud-init[929]: Generating public/private rsa key pair.
[[0;32m  OK  [0m] Started Timer to automatically refresh installed snaps.
[   45.880348] cloud-init[929]: Your identification has been saved in /etc/ssh/ssh_host_rsa_key.
[[0;32m  OK  [0m] Listening on D-Bus System Message Bus Socket.
[   46.196226] cloud-init[929]: Your public key has been saved in /etc/ssh/ssh_host_rsa_key.pub.
[[0;32m  OK  [0m] Started Daily Cleanup of Temporary Directories.
[   46.252648] cloud-init[929]: The key fingerprint is:
[[0;32m  OK  [0m] Started ACPI Events Check.
[[0;32m  OK  [0m] Started Trigger resolvconf update for networkd DNS.
[   46.281819] cloud-init[929]: SHA256:9+aUKApxYD5YN3og/4CrtFl2l46YOdjyHA4zJAhvFUU root@ubuntu-xenial
[[   46.377453] cloud-init[929]: The key's randomart image is:
[   46.382022] cloud-init[929]: +---[RSA 2048]----+
[   46.382391] cloud-init[929]: |    .oE          |
[0;32m  OK  [0m] Reached target Paths.
[[0;32m  OK  [0m] Listening on ACPID Listen Socket.
[   46.387362] cloud-init[929]: |     .           |
[   46.440915] cloud-init[929]: |. . * o          |
[[   46.472889] cloud-init[929]: |o. X = .         |
[   46.473474] cloud-init[929]: |o.= B o S .      |
[   46.474139] cloud-init[929]: |o. . B  .. o .   |
[   46.474441] cloud-init[929]: | =++...o. . =    |
[   46.474739] cloud-init[929]: |.+@o*.+. . +     |
[   46.474993] cloud-init[929]: |.ooB....    .    |
[   46.475159] cloud-init[929]: +----[SHA256]-----+
[   46.475320] cloud-init[929]: Generating public/private dsa key pair.
[   46.475479] cloud-init[929]: Your identification has been saved in /etc/ssh/ssh_host_dsa_key.
[   46.475636] cloud-init[929]: Your public key has been saved in /etc/ssh/ssh_host_dsa_key.pub.
[   46.475791] cloud-init[929]: The key fingerprint is:
[   46.475978] cloud-init[929]: SHA256:+VqxOL57ZGFdv9mBUmh6xFgOWqK+hoRJH9aO7Cq7q0w root@ubuntu-xenial
[0;32m  OK  [0m] Started Daily apt activities.
[   46.477711] cloud-init[929]: The key's randomart image is:
[   46.781624] cloud-init[929]: +---[DSA 1024]----+
[[0;32m  OK  [0m] Reached target Timers.
[   46.797094] cloud-init[929]: |       . o+..    |
[   46.825199] cloud-init[929]: |    . . +.o= ..  |
[   46.832614] cloud-init[929]: | . o o .  +o.... |
         Starting LXD - unix socket.
[   46.863307] cloud-init[929]: |. * =    ooo.. ..|
[   46.904991] cloud-init[929]: | o = o  S.o..   =|
[   46.935035] cloud-init[929]: |  o . .  ooo   o.|
         Starting Socket activation for snappy daemon.
[   46.950821] cloud-init[929]: | E o o  oo+      |
[   46.957742] cloud-init[929]: |+ . .  . +.      |
[   46.958854] cloud-init[929]: |B*      =+       |
[   46.959182] cloud-init[929]: +----[SHA256]-----+
[   46.959376] cloud-init[929]: Generating public/private ecdsa key pair.
[   46.959542] cloud-init[929]: Your identification has been saved in /etc/ssh/ssh_host_ecdsa_key.
[   46.959706] cloud-init[929]: Your public key has been saved in /etc/ssh/ssh_host_ecdsa_key.pub.
[   46.959868] cloud-init[929]: The key fingerprint is:
[   46.960045] cloud-init[929]: SHA256:9iO+6XlrKpGa1B5m5EYCWDk2x0RDgPNREzqul5vt0CI root@ubuntu-xenial
[   46.960252] cloud-init[929]: The key's randomart image is:
[[0;32m  OK  [0m] Listening on UUID daemon activation socket.
[   46.960869] cloud-init[929]: +---[ECDSA 256]---+
[   47.124917] cloud-init[929]: | +oOO.           |
[   47.125410] cloud-init[929]: |+ B.oo           |
[   47.126206] cloud-init[929]: | +o*             |
[   47.126561] cloud-init[929]: | .... o          |
[   47.126885] cloud-init[929]: |  .  * .S        |
[   47.127198] cloud-init[929]: | . o. X. .       |
[   47.127499] cloud-init[929]: |E =..B o. o      |
[   47.127801] cloud-init[929]: | o *o o. +o.     |
[[0;32m  OK  [0m] Reached target Network is Online.
[   47.128471] cloud-init[929]: |  o.o  oB=..     |
[   47.329642] cloud-init[929]: +----[SHA256]-----+
[   47.381140]          Starting iSCSI initiator daemon (iscsid)...
[[0;32m  OK  [0m] Reached target Cloud-config availability.
cloud-init[929]: Generating public/private ed25519 key pair.
[   47.445037] [cloud-init[0;32m  OK  [0m[929]: ] Your identification has been saved in /etc/ssh/ssh_host_ed25519_key.Listening on LXD - unix socket.

[   47.446840] [cloud-init[0;32m  OK  [0m[929]: ] Your public key has been saved in /etc/ssh/ssh_host_ed25519_key.pub.Listening on Socket activation for snappy daemon.

[   47.486495] cloud-init[929]: The key fingerprint is:
[   47.645143] cloud-init[929]: [SHA256:etAnezFQs5Lp0IMrBbqsMuDMYbnIuJr6nT+NkdEuWZM root@ubuntu-xenial[0;32m  OK  [0m
] Started iSCSI initiator daemon (iscsid).
[   47.648632] cloud-init[929]: The key's randomart image is:
[   47.736992]          cloud-initStarting Login to default iSCSI targets...[929]: 
+--[ED25519 256]--+
[   47.779308] cloud-init[929]: |    .     o      |
[[0;32m  OK  [0m] Reached target Sockets.
[   47.781082] [cloud-init[0;32m  OK  [0m[929]: ] |   . . o + o     |Reached target Basic System.

[   47.822807] cloud-init[929]: |  .   +.B..      |
[   47.896820] cloud-init[929]: | ... ..=E+       |
[   47.922275] [[0;32m  OK  [0m] Started Snappy daemon.
cloud-init[929]: |.+o . o*S.+      |
[   47.961873]          cloud-initStarting LXD - container startup/shutdown...[929]: 
|X.o  .=o.+ o     |
         Starting LSB: Record successful boot for GRUB...
[   48.024656] cloud-init[929]: |**    .=o .      |
[   48.080456]          cloud-initStarting Auto import assertions from block devices...[929]: 
|.+ . .o...       |
[   48.117572]          cloud-initStarting Accounts Service...[929]: 
|B.. o...         |
[   48.193995]          cloud-initStarting Login Service...[929]: 
+----[SHA256]-----+
[[0;32m  OK  [0m] Started Regular background program processing daemon.
[[0;32m  OK  [0m] Started FUSE filesystem for LXC.
[[0;32m  OK  [0m] Started D-Bus System Message Bus.
         Starting Apply the settings specified in cloud-config...
         Starting LSB: MD monitoring daemon...
[[0;32m  OK  [0m] Started ACPI event daemon.
         Starting Pollinate to seed the pseudo random number generator...
         Starting /etc/rc.local Compatibility...
         Starting System Logging Service...
[[0;32m  OK  [0m] Started Deferred execution scheduler.
[[0;32m  OK  [0m] Started System Logging Service.
[[0;32m  OK  [0m] Started LXD - container startup/shutdown.
[[0;32m  OK  [0m] Started Auto import assertions from block devices.
[[0;32m  OK  [0m] Started /etc/rc.local Compatibility.
[[0;32m  OK  [0m] Started Login to default iSCSI targets.
[[0;32m  OK  [0m] Started LSB: Record successful boot for GRUB.
[[0;32m  OK  [0m] Started LSB: MD monitoring daemon.
[[0;32m  OK  [0m] Started Login Service.
         Starting Authenticate and Authorize Users to Run Privileged Tasks...
[[0;32m  OK  [0m] Reached target Remote File Systems (Pre).
[[0;32m  OK  [0m] Reached target Remote File Systems.
         Starting LSB: daemon to balance interrupts for SMP systems...
         Starting Permit User Sessions...
         Starting LSB: automatic crash report generation...
         Starting LSB: Set the CPU Frequency Scaling governor to "ondemand"...
         Starting LSB: VirtualBox Linux Additions...
[[0;32m  OK  [0m] Started Permit User Sessions.
[[0;32m  OK  [0m] Started Authenticate and Authorize Users to Run Privileged Tasks.
[[0;32m  OK  [0m] Started Accounts Service.
         Starting Hold until boot process finishes up...
         Starting Terminate Plymouth Boot Screen...
[[0;32m  OK  [0m] Started LSB: daemon to balance interrupts for SMP systems.
[[0;32m  OK  [0m] Started LSB: automatic crash report generation.
[[0;32m  OK  [0m] Started LSB: Set the CPU Frequency Scaling governor to "ondemand".
[[0;32m  OK  [0m] Started LSB: VirtualBox Linux Additions.
[[0;32m  OK  [0m] Started Hold until boot process finishes up.
[[0;32m  OK  [0m] Started Pollinate to seed the pseudo random number generator.
[[0;32m  OK  [0m] Started Terminate Plymouth Boot Screen.
         Starting OpenBSD Secure Shell server...
[   50.750627] cloud-init[1076]: Generating locales (this might take a while)...
[[0;32m  OK  [0m] Started Serial Getty on ttyS0.
[[0;32m  OK  [0m] Started Getty on tty1.
[[0;32m  OK  [0m] Reached target Login Prompts.
         Starting Set console scheme...
[[0;32m  OK  [0m] Started OpenBSD Secure Shell server.
[[0;32m  OK  [0m] Started Set console scheme.
[[0;32m  OK  [0m] Reached target Multi-User System.
[[0;32m  OK  [0m] Reached target Graphical Interface.
         Starting Update UTMP about System Runlevel Changes...
[[0;32m  OK  [0m] Started Update UTMP about System Runlevel Changes.
[   53.787326] cloud-init[1076]:   en_US.UTF-8... done
[   53.809434] cloud-init[1076]: Generation complete.
         Stopping OpenBSD Secure Shell server...
[[0;32m  OK  [0m] Stopped OpenBSD Secure Shell server.
         Starting OpenBSD Secure Shell server...
[[0;32m  OK  [0m] Started OpenBSD Secure Shell server.
[[0;32m  OK  [0m] Created slice User Slice of ubuntu.
         Starting User Manager for UID 1000...
[[0;32m  OK  [0m] Started Session 1 of user ubuntu.
[[0;32m  OK  [0m] Started User Manager for UID 1000.
[   55.470128] cloud-init[1076]: Cloud-init v. 0.7.9 running 'modules:config' at Wed, 12 Apr 2017 09:32:31 +0000. Up 50.12 seconds.
[[0;32m  OK  [0m] Started Apply the settings specified in cloud-config.
         Starting Execute cloud user/final scripts...

Ubuntu 16.04.2 LTS ubuntu-xenial ttyS0

ubuntu-xenial login: ci-info: no authorized ssh keys fingerprints found for user ubuntu.
<14>Apr 12 09:32:39 ec2: 
<14>Apr 12 09:32:39 ec2: #############################################################
<14>Apr 12 09:32:39 ec2: -----BEGIN SSH HOST KEY FINGERPRINTS-----
<14>Apr 12 09:32:39 ec2: 1024 SHA256:+VqxOL57ZGFdv9mBUmh6xFgOWqK+hoRJH9aO7Cq7q0w root@ubuntu-xenial (DSA)
<14>Apr 12 09:32:39 ec2: 256 SHA256:9iO+6XlrKpGa1B5m5EYCWDk2x0RDgPNREzqul5vt0CI root@ubuntu-xenial (ECDSA)
<14>Apr 12 09:32:39 ec2: 256 SHA256:etAnezFQs5Lp0IMrBbqsMuDMYbnIuJr6nT+NkdEuWZM root@ubuntu-xenial (ED25519)
<14>Apr 12 09:32:39 ec2: 2048 SHA256:9+aUKApxYD5YN3og/4CrtFl2l46YOdjyHA4zJAhvFUU root@ubuntu-xenial (RSA)
<14>Apr 12 09:32:39 ec2: -----END SSH HOST KEY FINGERPRINTS-----
<14>Apr 12 09:32:39 ec2: #############################################################
-----BEGIN SSH HOST KEY KEYS-----
ecdsa-sha2-nistp256 AAAAE2VjZHNhLXNoYTItbmlzdHAyNTYAAAAIbmlzdHAyNTYAAABBBAqnM9p83t5wRS0o6eC+YVXXZXAPR4IpP7Sj4mzp4vXgnb0uGSZ7LqMjXCaVARjF0gb7CP1Pa+qS2EkaFxmQCvA= root@ubuntu-xenial
ssh-ed25519 AAAAC3NzaC1lZDI1NTE5AAAAIJperNMbAgwP6i4Rqs5EMnbIorRsy2xXfYvYqmog3zg3 root@ubuntu-xenial
ssh-rsa AAAAB3NzaC1yc2EAAAADAQABAAABAQCv2zTVlYPaRC2ao9eyuFFDPvvOxS9NQK911fAxnoj6Ev+VbngDUsX+aEFCrE11hK+ckvRPpiNnNW07XrWsWuuKQh0TQia86J2kRkCbkzXao+9g22TFV45dMxEiWNU6ix/qgSP77jmyXWsZZbcAKiLVER9hLn8OqEbi/h7e+/dsIqevvfyWqCoUWh1O4Suy7d/k+u+OXJO4lZv0FIeJhvbRwpsE82w+uGIbtJ5Z1nUMuhCbbI3QGarMC0/af/Th25qRTUKxtfoHQk/e042YsqmmM/0OtM1pGELGkeocizGcTXG2iUWF2itXlDvlJOaFm3UZD5y1K0V37Ce7IFRnw+qr root@ubuntu-xenial
-----END SSH HOST KEY KEYS-----
[   57.900074] cloud-init[1375]: Cloud-init v. 0.7.9 running 'modules:final' at Wed, 12 Apr 2017 09:32:39 +0000. Up 57.22 seconds.
[   57.900863] cloud-init[1375]: ci-info: no authorized ssh keys fingerprints found for user ubuntu.
[   57.901323] cloud-init[1375]: Cloud-init v. 0.7.9 finished at Wed, 12 Apr 2017 09:32:39 +0000. Datasource DataSourceNoCloud [seed=/dev/sdb][dsmode=net].  Up 57.85 seconds
